This is pdfeTeX, Version 3.141592-1.21a-2.2 (Web2C 7.5.4) (format=latex 2006.12.10)  10 DEC 2006 15:34
entering extended mode
**main
(./main.tex
LaTeX2e <2003/12/01>
Babel <v3.8d> and hyphenation patterns for american, french, german, ngerman, b
ahasa, basque, bulgarian, catalan, croatian, czech, danish, dutch, esperanto, e
stonian, finnish, greek, icelandic, irish, italian, latin, magyar, norsk, polis
h, portuges, romanian, russian, serbian, slovak, slovene, spanish, swedish, tur
kish, ukrainian, nohyphenation, loaded.
(./withesis.cls
Document Class: withesis 2000/07/24 Univ. of Wisconsin-Madison Thesis Format
Document Class `withesis' v2.0 <24 July 00>
(./withe12.sty
Style Option `mythe12' v1.0 <24 May 00>
\majorheadskip=\skip41
\@appendlen=\skip42
\@appendnumlen=\skip43
)
\descriptionmargin=\dimen102
\c@part=\count79
\c@chapter=\count80
\c@section=\count81
\c@subsection=\count82
\c@subsubsection=\count83
\c@paragraph=\count84
\c@subparagraph=\count85
\c@tocpage=\count86
\c@lofpage=\count87
\c@lotpage=\count88
\c@listofheading=\count89
\c@figure=\count90
\c@table=\count91
\c@@ipfilectr=\count92
\c@@includefilectr=\count93
\c@currenthour=\count94
\c@currentminute=\count95
\@testday=\count96
\c@theorem=\count97
)
(/afs/cs.wisc.edu/s/tetex-3.0/i386_tao10/share/texmf/tex/latex/graphics/epsfig.
sty
Package: epsfig 1999/02/16 v1.7a (e)psfig emulation (SPQR)

(/afs/cs.wisc.edu/s/tetex-3.0/i386_tao10/share/texmf/tex/latex/graphics/graphic
x.sty
Package: graphicx 1999/02/16 v1.0f Enhanced LaTeX Graphics (DPC,SPQR)

(/afs/cs.wisc.edu/s/tetex-3.0/i386_tao10/share/texmf/tex/latex/graphics/keyval.
sty
Package: keyval 1999/03/16 v1.13 key=value parser (DPC)
\KV@toks@=\toks14
)
(/afs/cs.wisc.edu/s/tetex-3.0/i386_tao10/share/texmf/tex/latex/graphics/graphic
s.sty
Package: graphics 2001/07/07 v1.0n Standard LaTeX Graphics (DPC,SPQR)

(/afs/cs.wisc.edu/s/tetex-3.0/i386_tao10/share/texmf/tex/latex/graphics/trig.st
y
Package: trig 1999/03/16 v1.09 sin cos tan (DPC)
)
(/afs/cs.wisc.edu/s/tetex-3.0/i386_tao10/share/texmf/tex/latex/graphics/graphic
s.cfg
File: graphics.cfg 2005/02/03 v1.3 graphics configuration of teTeX/TeXLive
)
Package graphics Info: Driver file: dvips.def on input line 80.

(/afs/cs.wisc.edu/s/tetex-3.0/i386_tao10/share/texmf/tex/latex/graphics/dvips.d
ef
File: dvips.def 1999/02/16 v3.0i Driver-dependant file (DPC,SPQR)
))
\Gin@req@height=\dimen103
\Gin@req@width=\dimen104
)
\epsfxsize=\dimen105
\epsfysize=\dimen106
)
(/afs/cs.wisc.edu/s/tetex-3.0/i386_tao10/share/texmf/tex/latex/psnfss/times.sty
Package: times 2004/09/15 PSNFSS-v9.2 (SPQR) 
) (./main.aux (./prelude.aux) (./intro.aux) (./essentials.aux) (./figs.aux)
(./bibs.aux) (./usage.aux) (./code.aux) (./bibref.aux) (./math.aux) (./acro.aux
))
\openout1 = `main.aux'.

LaTeX Font Info:    Checking defaults for OML/cmm/m/it on input line 107.
LaTeX Font Info:    ... okay on input line 107.
LaTeX Font Info:    Checking defaults for T1/cmr/m/n on input line 107.
LaTeX Font Info:    ... okay on input line 107.
LaTeX Font Info:    Checking defaults for OT1/cmr/m/n on input line 107.
LaTeX Font Info:    ... okay on input line 107.
LaTeX Font Info:    Checking defaults for OMS/cmsy/m/n on input line 107.
LaTeX Font Info:    ... okay on input line 107.
LaTeX Font Info:    Checking defaults for OMX/cmex/m/n on input line 107.
LaTeX Font Info:    ... okay on input line 107.
LaTeX Font Info:    Checking defaults for U/cmr/m/n on input line 107.
LaTeX Font Info:    ... okay on input line 107.
LaTeX Font Info:    Try loading font information for OT1+ptm on input line 107.


(/afs/cs.wisc.edu/s/tetex-3.0/i386_tao10/share/texmf/tex/latex/psnfss/ot1ptm.fd
File: ot1ptm.fd 2001/06/04 font definitions for OT1/ptm.
)
\openout2 = `prelude.aux'.

 (./prelude.tex
LaTeX Font Info:    Font shape `OT1/ptm/bx/n' in size <12> not available
(Font)              Font shape `OT1/ptm/b/n' tried instead on input line 40.
LaTeX Font Info:    External font `cmex10' loaded for size
(Font)              <12> on input line 40.
LaTeX Font Info:    External font `cmex10' loaded for size
(Font)              <8> on input line 40.
LaTeX Font Info:    External font `cmex10' loaded for size
(Font)              <6> on input line 40.
LaTeX Font Info:    Font shape `OT1/ptm/bx/n' in size <8> not available
(Font)              Font shape `OT1/ptm/b/n' tried instead on input line 40.
 [1



]
LaTeX Font Info:    Font shape `OT1/ptm/bx/n' in size <17> not available
(Font)              Font shape `OT1/ptm/b/n' tried instead on input line 44.
LaTeX Font Info:    Try loading font information for OMS+ptm on input line 44.

(/afs/cs.wisc.edu/s/tetex-3.0/i386_tao10/share/texmf/tex/latex/psnfss/omsptm.fd
File: omsptm.fd 
)
LaTeX Font Info:    Font shape `OMS/ptm/m/n' in size <12> not available
(Font)              Font shape `OMS/cmsy/m/n' tried instead on input line 44.
 [0

] [1] [2

] [2] (./main.toc [3

])
\tf@toc=\write3
\openout3 = `main.toc'.

 [4] [4] (./main.lot)
\tf@lot=\write4
\openout4 = `main.lot'.

 [5

] [5] (./main.lof)
\tf@lof=\write5
\openout5 = `main.lof'.


[6

] [6]
Underfull \hbox (badness 10000) in paragraph at lines 68--68

 []


Underfull \hbox (badness 10000) in paragraph at lines 73--73

 []


Underfull \hbox (badness 10000) in paragraph at lines 78--78

 []

[7

] (./abstract.tex) [7] (./abstract.tex) [8

])
\openout2 = `intro.aux'.

 (./intro.tex
CHAPTER 1. Introducing the {\tt withesis} \LaTeX {} Style Guide
LaTeX Font Info:    Calculating math sizes for size <17> on input line 5.

LaTeX Font Warning: Font shape `OT1/cmr/m/n' in size <8.5> not available
(Font)              size <8> substituted on input line 5.


LaTeX Font Warning: Font shape `OML/cmm/m/it' in size <8.5> not available
(Font)              size <8> substituted on input line 5.


LaTeX Font Warning: Font shape `OMS/cmsy/m/n' in size <8.5> not available
(Font)              size <8> substituted on input line 5.

LaTeX Font Info:    External font `cmex10' loaded for size
(Font)              <17> on input line 5.
LaTeX Font Info:    External font `cmex10' loaded for size
(Font)              <11.89995> on input line 5.
LaTeX Font Info:    External font `cmex10' loaded for size
(Font)              <8.5> on input line 5.
LaTeX Font Info:    Font shape `OT1/ptm/bx/n' in size <11.89995> not available
(Font)              Font shape `OT1/ptm/b/n' tried instead on input line 5.
LaTeX Font Info:    Font shape `OT1/ptm/bx/n' in size <14> not available
(Font)              Font shape `OT1/ptm/b/n' tried instead on input line 9.
[1




] [2]) [3]
\openout2 = `essentials.aux'.

 (./essentials.tex
\c@savesection=\count98
\c@savesubsection=\count99
\egwidth=\skip44

CHAPTER 2. Essential \LaTeX {}
LaTeX Font Info:    Calculating math sizes for size <14> on input line 68.
LaTeX Font Info:    External font `cmex10' loaded for size
(Font)              <14> on input line 68.
LaTeX Font Info:    External font `cmex10' loaded for size
(Font)              <9.79996> on input line 68.
LaTeX Font Info:    External font `cmex10' loaded for size
(Font)              <7> on input line 68.
LaTeX Font Info:    Font shape `OT1/ptm/bx/n' in size <9.79996> not available
(Font)              Font shape `OT1/ptm/b/n' tried instead on input line 68.
[4



] [5] [6] [7]
Underfull \hbox (badness 1496) in paragraph at lines 252--260
[]\OT1/ptm/m/n/12 There are some L[]T[]X com-mands that must ap-pear in ev-ery 
doc-u-ment. The ac-tual
 []


Underfull \hbox (badness 1400) in paragraph at lines 252--260
\OT1/ptm/m/n/12 text of the doc-u-ment al-ways starts with a []\OT1/cmtt/m/n/12
 \begin{document} \OT1/ptm/m/n/12 com-mand and ends with
 []


Underfull \hbox (badness 1337) in paragraph at lines 252--260
\OT1/ptm/m/n/12 an []\OT1/cmtt/m/n/12 \end{document} \OT1/ptm/m/n/12 com-mand (
see lines 10 and 39). Any-thing that comes af-ter the 
 []


Underfull \hbox (badness 10000) in paragraph at lines 252--260
[]\OT1/cmtt/m/n/12 \end{document} \OT1/ptm/m/n/12 com-mand is ig-nored. Ev-ery-
thing that comes be-fore the 
 []

[8]
LaTeX Font Info:    Font shape `OT1/ptm/m/ui' in size <12> not available
(Font)              Font shape `OT1/ptm/m/it' tried instead on input line 295.
 [9] [10] [11] [12]
LaTeX Font Info:    External font `cmex10' loaded for size
(Font)              <5> on input line 486.
LaTeX Font Info:    Font shape `OT1/ptm/bx/n' in size <10> not available
(Font)              Font shape `OT1/ptm/b/n' tried instead on input line 515.
 [13] [14]
LaTeX Font Info:    Try loading font information for OT1+phv on input line 635.


(/afs/cs.wisc.edu/s/tetex-3.0/i386_tao10/share/texmf/tex/latex/psnfss/ot1phv.fd
File: ot1phv.fd 2001/06/04 scalable font definitions for OT1/phv.
) [15]
LaTeX Font Info:    Try loading font information for OML+ptm on input line 694.


(/afs/cs.wisc.edu/s/tetex-3.0/i386_tao10/share/texmf/tex/latex/psnfss/omlptm.fd
File: omlptm.fd 
)
LaTeX Font Info:    Font shape `OML/ptm/m/n' in size <12> not available
(Font)              Font shape `OML/cmm/m/it' tried instead on input line 694.
 [16]
Overfull \hbox (6.47887pt too wide) in paragraph at lines 763--763
[]\OT1/cmtt/m/n/12 \author{J Warbrick \and An Other}[] 
 []

[17]
Underfull \hbox (badness 1314) in paragraph at lines 797--800
[]\OT1/ptm/m/n/12 Consider what would hap-pen if you mistyped []\OT1/cmtt/m/n/1
2 \begin{itemize} \OT1/ptm/m/n/12 so that it be-came 
 []

[18] [19]) [20]
\openout2 = `figs.aux'.

 (./figs.tex
CHAPTER 3. Figures and Tables
[21



] [22] (./fig2.tex
\plotpoint=\box26
) [23]
File: vwcontr.eps Graphic file (type eps)
 <vwcontr.eps>) [24] [25]
\openout2 = `bibs.aux'.

 (./bibs.tex
CHAPTER 4. Citations and Bibliographies

Underfull \hbox (badness 3168) in paragraph at lines 29--43
[]\OT1/ptm/m/n/12 The way that a ref-er-ence is for-mat-ted in your bib-li-og-r
a-phy de-pends on the bib-
 []


Underfull \hbox (badness 5460) in paragraph at lines 29--43
\OT1/ptm/m/n/12 li-og-ra-phy style, which is spec-i-fied near the be-gin-ning o
f your doc-u-ment with the
 []

[26



] [27]
LaTeX Font Info:    Try loading font information for OMS+cmtt on input line 97.

LaTeX Font Info:    No file OMScmtt.fd. on input line 97.


LaTeX Font Warning: Font shape `OMS/cmtt/m/n' undefined
(Font)              using `OMS/cmsy/m/n' instead
(Font)              for symbol `textbraceleft' on input line 97.

[28]) [29]
\openout2 = `usage.aux'.

 (./usage.tex
CHAPTER 5. Using the {\tt withesis} Style
[30



] [31] [32] [33]
Underfull \hbox (badness 1406) in paragraph at lines 187--192
[]\OT1/ptm/m/n/12 If you spec-i-fied the class op-tion \OT1/cmtt/m/n/12 msthesi
s\OT1/ptm/m/n/12 , then the de-gree is changed to \OT1/ptm/m/it/12 Mas-ter 
 []

[34] [35] [36]
Underfull \hbox (badness 3849) in paragraph at lines 349--353
[]\OT1/ptm/m/n/12 As a fi-nal note, the de-fault ti-tle for the ref-er-ences ch
ap-ter is ``LIST OF REF-
 []


Underfull \hbox (badness 10000) in paragraph at lines 349--353
\OT1/ptm/m/n/12 ER-ENCES.'' Since some peo-ple may pre-fer ``BIB-LI-OG-RA-PHY''
, the com-mand 
 []

[37]
Underfull \hbox (badness 6675) in paragraph at lines 363--367
[]\OT1/ptm/m/n/12 There are two en-vi-ron-ments for do-ing the ap-pendix chap-t
er: \OT1/cmtt/m/n/12 appendix \OT1/ptm/m/n/12 and 
 []

) [38] (./main.bbl) [39


]
\openout2 = `code.aux'.

 (./code.tex
APPENDIX A. Matlab Code
(./derivs.m [40


])) [41]
\openout2 = `bibref.aux'.

 (./bibref.tex
APPENDIX B. BibT\kern -.1667em\lower .5ex\hbox {E}\kern -.125emX\spacefactor \@
m \ Entries
[42



]) [43]
\openout2 = `math.aux'.

 (./math.tex
APPENDIX C. Mathematics Examples
[44



] [45]) [46]
\openout2 = `acro.aux'.

 (./acro.tex
APPENDIX D. Adobe Acrobat (\unhbox \voidb@x \hbox {\tt *.pdf}) Files
[47



]) [48] (./main.aux (./prelude.aux) (./intro.aux) (./essentials.aux)
(./figs.aux) (./bibs.aux) (./usage.aux) (./code.aux) (./bibref.aux) (./math.aux
) (./acro.aux))

LaTeX Font Warning: Size substitutions with differences
(Font)              up to 0.5pt have occurred.


LaTeX Font Warning: Some font shapes were not available, defaults substituted.

 ) 
Here is how much of TeX's memory you used:
 1061 strings out of 94501
 13224 string characters out of 1171083
 74666 words of memory out of 1000000
 4167 multiletter control sequences out of 10000+50000
 18471 words of font info for 51 fonts, out of 500000 for 2000
 580 hyphenation exceptions out of 1000
 32i,12n,23p,664b,336s stack positions out of 1500i,500n,5000p,200000b,5000s

Output written on main.dvi (63 pages, 145620 bytes).
